TN:
SF:api/index.js
FN:19,(anonymous_0)
FN:22,(anonymous_1)
FNF:2
FNH:1
FNDA:0,(anonymous_0)
FNDA:1,(anonymous_1)
DA:1,1
DA:2,1
DA:3,1
DA:4,1
DA:5,1
DA:6,1
DA:8,1
DA:9,1
DA:10,1
DA:11,1
DA:13,1
DA:14,1
DA:15,1
DA:16,1
DA:19,1
DA:22,1
DA:23,1
DA:25,1
LF:18
LH:18
BRDA:11,0,0,1
BRDA:11,0,1,1
BRF:2
BRH:2
end_of_record
TN:
SF:api/server/controllers/ArticlesController.js
FN:8,_callee
FN:19,_callee2
FN:32,_callee3
FN:43,_callee4
FN:56,_callee5
FNF:5
FNH:5
FNDA:8,_callee
FNDA:8,_callee2
FNDA:4,_callee3
FNDA:8,_callee4
FNDA:8,_callee5
DA:1,1
DA:2,1
DA:3,1
DA:5,1
DA:8,24
DA:10,2
DA:11,2
DA:12,2
DA:19,24
DA:20,2
DA:23,2
DA:24,2
DA:25,2
DA:32,12
DA:33,1
DA:35,1
DA:36,1
DA:43,24
DA:44,2
DA:45,2
DA:47,2
DA:48,2
DA:49,2
DA:56,24
DA:57,2
DA:59,2
DA:60,2
DA:61,2
DA:69,1
LF:29
LH:29
BRDA:8,0,0,2
BRDA:8,0,1,2
BRDA:8,0,2,0
BRDA:8,0,3,0
BRDA:8,0,4,2
BRDA:11,1,0,1
BRDA:11,1,1,1
BRDA:19,2,0,2
BRDA:19,2,1,2
BRDA:19,2,2,0
BRDA:19,2,3,0
BRDA:19,2,4,2
BRDA:24,3,0,1
BRDA:24,3,1,1
BRDA:32,4,0,1
BRDA:32,4,1,1
BRDA:32,4,2,0
BRDA:32,4,3,0
BRDA:32,4,4,1
BRDA:43,5,0,2
BRDA:43,5,1,2
BRDA:43,5,2,0
BRDA:43,5,3,0
BRDA:43,5,4,2
BRDA:48,6,0,1
BRDA:48,6,1,1
BRDA:56,7,0,2
BRDA:56,7,1,2
BRDA:56,7,2,0
BRDA:56,7,3,0
BRDA:56,7,4,2
BRDA:60,8,0,1
BRDA:60,8,1,1
BRF:33
BRH:23
end_of_record
TN:
SF:api/server/controllers/AuthorsController.js
FN:8,_callee
FN:22,_callee2
FN:36,_callee3
FN:47,_callee4
FN:59,_callee5
FN:77,_callee6
FN:94,_callee7
FNF:7
FNH:7
FNDA:8,_callee
FNDA:6,_callee2
FNDA:4,_callee3
FNDA:4,_callee4
FNDA:11,_callee5
FNDA:8,_callee6
FNDA:8,_callee7
DA:1,1
DA:2,1
DA:3,1
DA:5,1
DA:8,24
DA:10,2
DA:11,2
DA:12,1
DA:14,1
DA:22,24
DA:24,2
DA:25,2
DA:26,1
DA:28,1
DA:36,12
DA:37,1
DA:39,1
DA:40,1
DA:47,12
DA:48,1
DA:49,1
DA:51,1
DA:52,1
DA:59,43
DA:60,3
DA:65,2
DA:66,2
DA:67,1
DA:69,1
DA:77,24
DA:78,2
DA:81,2
DA:83,2
DA:84,1
DA:86,1
DA:94,24
DA:95,2
DA:98,2
DA:100,2
DA:101,1
DA:103,1
DA:112,1
LF:42
LH:42
BRDA:8,0,0,2
BRDA:8,0,1,2
BRDA:8,0,2,0
BRDA:8,0,3,0
BRDA:8,0,4,2
BRDA:11,1,0,1
BRDA:11,1,1,1
BRDA:22,2,0,2
BRDA:22,2,1,2
BRDA:22,2,2,0
BRDA:22,2,3,2
BRDA:22,2,4,2
BRDA:25,3,0,1
BRDA:25,3,1,1
BRDA:36,4,0,1
BRDA:36,4,1,1
BRDA:36,4,2,0
BRDA:36,4,3,0
BRDA:36,4,4,1
BRDA:47,5,0,1
BRDA:47,5,1,1
BRDA:47,5,2,0
BRDA:47,5,3,0
BRDA:47,5,4,1
BRDA:59,6,0,3
BRDA:59,6,1,2
BRDA:59,6,2,2
BRDA:59,6,3,0
BRDA:59,6,4,0
BRDA:59,6,5,3
BRDA:61,7,0,3
BRDA:61,7,1,0
BRDA:59,8,0,2
BRDA:59,8,1,1
BRDA:66,9,0,1
BRDA:66,9,1,1
BRDA:77,10,0,2
BRDA:77,10,1,2
BRDA:77,10,2,0
BRDA:77,10,3,0
BRDA:77,10,4,2
BRDA:83,11,0,1
BRDA:83,11,1,1
BRDA:94,12,0,2
BRDA:94,12,1,2
BRDA:94,12,2,0
BRDA:94,12,3,0
BRDA:94,12,4,2
BRDA:100,13,0,1
BRDA:100,13,1,1
BRF:50
BRH:36
end_of_record
TN:
SF:api/server/controllers/CategoryController.js
FN:8,_callee
FN:20,_callee2
FN:33,_callee3
FN:41,_callee4
FN:52,_callee5
FNF:5
FNH:5
FNDA:8,_callee
FNDA:8,_callee2
FNDA:10,_callee3
FNDA:7,_callee4
FNDA:10,_callee5
DA:1,1
DA:2,1
DA:3,1
DA:5,1
DA:8,24
DA:10,2
DA:11,2
DA:12,2
DA:20,24
DA:21,2
DA:23,2
DA:24,2
DA:25,2
DA:33,20
DA:34,5
DA:35,3
DA:37,2
DA:41,24
DA:44,1
DA:45,1
DA:52,32
DA:55,1
DA:56,1
DA:64,1
LF:24
LH:24
BRDA:8,0,0,2
BRDA:8,0,1,2
BRDA:8,0,2,0
BRDA:8,0,3,0
BRDA:8,0,4,2
BRDA:11,1,0,1
BRDA:11,1,1,1
BRDA:20,2,0,2
BRDA:20,2,1,2
BRDA:20,2,2,0
BRDA:20,2,3,0
BRDA:20,2,4,2
BRDA:24,3,0,1
BRDA:24,3,1,1
BRDA:33,4,0,5
BRDA:33,4,1,5
BRDA:33,4,2,5
BRDA:34,5,0,3
BRDA:34,5,1,2
BRDA:41,6,0,2
BRDA:41,6,1,1
BRDA:41,6,2,1
BRDA:41,6,3,0
BRDA:41,6,4,0
BRDA:41,6,5,2
BRDA:41,7,0,1
BRDA:41,7,1,1
BRDA:52,8,0,3
BRDA:52,8,1,1
BRDA:52,8,2,1
BRDA:52,8,3,0
BRDA:52,8,4,0
BRDA:52,8,5,3
BRDA:52,9,0,1
BRDA:52,9,1,2
BRF:35
BRH:27
end_of_record
TN:
SF:api/server/controllers/UsersController.js
FN:14,_callee
FN:25,_callee2
FN:37,_callee3
FNF:3
FNH:3
FNDA:4,_callee
FNDA:4,_callee2
FNDA:12,_callee3
DA:1,1
DA:2,1
DA:3,1
DA:4,1
DA:5,1
DA:6,1
DA:7,1
DA:9,1
DA:11,1
DA:14,12
DA:16,1
DA:17,1
DA:18,1
DA:25,12
DA:26,1
DA:27,1
DA:29,1
DA:30,1
DA:37,50
DA:38,3
DA:39,3
DA:41,3
DA:45,2
DA:47,1
DA:50,1
DA:53,1
DA:54,1
DA:55,1
DA:61,1
DA:69,1
LF:30
LH:30
BRDA:14,0,0,1
BRDA:14,0,1,1
BRDA:14,0,2,0
BRDA:14,0,3,0
BRDA:14,0,4,1
BRDA:17,1,0,1
BRDA:17,1,1,0
BRDA:25,2,0,1
BRDA:25,2,1,1
BRDA:25,2,2,0
BRDA:25,2,3,0
BRDA:25,2,4,1
BRDA:37,3,0,3
BRDA:37,3,1,3
BRDA:37,3,2,2
BRDA:37,3,3,1
BRDA:37,3,4,0
BRDA:37,3,5,0
BRDA:37,3,6,3
BRDA:37,4,0,3
BRDA:37,4,1,2
BRF:21
BRH:14
end_of_record
TN:
SF:api/server/routes/ArticlesRoutes.js
FNF:0
FNH:0
DA:1,1
DA:2,1
DA:3,1
DA:5,1
DA:7,1
DA:8,1
DA:9,1
DA:10,1
DA:11,1
DA:13,1
LF:10
LH:10
BRF:0
BRH:0
end_of_record
TN:
SF:api/server/routes/AuthorsRoutes.js
FNF:0
FNH:0
DA:1,1
DA:2,1
DA:3,1
DA:5,1
DA:7,1
DA:8,1
DA:9,1
DA:10,1
DA:11,1
DA:13,1
LF:10
LH:10
BRF:0
BRH:0
end_of_record
TN:
SF:api/server/routes/CategoryRoutes.js
FNF:0
FNH:0
DA:1,1
DA:2,1
DA:3,1
DA:5,1
DA:7,1
DA:8,1
DA:9,1
DA:11,1
LF:8
LH:8
BRF:0
BRH:0
end_of_record
TN:
SF:api/server/routes/UsersRoutes.js
FNF:0
FNH:0
DA:1,1
DA:2,1
DA:3,1
DA:5,1
DA:7,1
DA:8,1
DA:9,1
DA:11,1
LF:8
LH:8
BRF:0
BRH:0
end_of_record
TN:
SF:api/server/services/ArticlesService.js
FN:4,_callee
FN:11,_callee2
FN:22,_callee3
FN:29,_callee4
FN:42,_callee5
FNF:5
FNH:5
FNDA:8,_callee
FNDA:8,_callee2
FNDA:4,_callee3
FNDA:9,_callee4
FNDA:8,_callee5
DA:1,1
DA:4,24
DA:11,24
DA:13,2
DA:22,12
DA:29,33
DA:31,2
DA:42,29
DA:44,2
DA:57,1
LF:10
LH:10
BRDA:4,0,0,2
BRDA:4,0,1,2
BRDA:4,0,2,0
BRDA:4,0,3,0
BRDA:4,0,4,2
BRDA:11,1,0,2
BRDA:11,1,1,2
BRDA:11,1,2,0
BRDA:11,1,3,0
BRDA:11,1,4,2
BRDA:17,2,0,2
BRDA:17,2,1,1
BRDA:22,3,0,1
BRDA:22,3,1,1
BRDA:22,3,2,0
BRDA:22,3,3,0
BRDA:22,3,4,1
BRDA:29,4,0,2
BRDA:29,4,1,2
BRDA:29,4,2,1
BRDA:29,4,3,1
BRDA:29,4,4,0
BRDA:29,4,5,0
BRDA:29,4,6,2
BRDA:29,5,0,1
BRDA:29,5,1,1
BRDA:42,6,0,2
BRDA:42,6,1,2
BRDA:42,6,2,1
BRDA:42,6,3,0
BRDA:42,6,4,0
BRDA:42,6,5,2
BRDA:42,7,0,1
BRDA:42,7,1,1
BRF:34
BRH:24
end_of_record
TN:
SF:api/server/services/AuthorsService.js
FN:4,_callee
FN:12,_callee2
FN:20,_callee3
FN:36,_callee4
FN:46,_callee5
FN:58,_callee6
FNF:6
FNH:6
FNDA:8,_callee
FNDA:4,_callee2
FNDA:8,_callee3
FNDA:8,_callee4
FNDA:16,_callee5
FNDA:9,_callee6
DA:1,1
DA:4,24
DA:12,12
DA:20,29
DA:22,2
DA:27,1
DA:36,24
DA:46,48
DA:48,4
DA:58,33
DA:60,2
DA:63,1
DA:75,1
LF:13
LH:13
BRDA:4,0,0,2
BRDA:4,0,1,2
BRDA:4,0,2,0
BRDA:4,0,3,0
BRDA:4,0,4,2
BRDA:12,1,0,1
BRDA:12,1,1,1
BRDA:12,1,2,0
BRDA:12,1,3,0
BRDA:12,1,4,1
BRDA:20,2,0,2
BRDA:20,2,1,2
BRDA:20,2,2,1
BRDA:20,2,3,0
BRDA:20,2,4,0
BRDA:20,2,5,2
BRDA:20,3,0,1
BRDA:20,3,1,1
BRDA:36,4,0,2
BRDA:36,4,1,2
BRDA:36,4,2,0
BRDA:36,4,3,0
BRDA:36,4,4,2
BRDA:46,5,0,4
BRDA:46,5,1,4
BRDA:46,5,2,0
BRDA:46,5,3,0
BRDA:46,5,4,4
BRDA:52,6,0,4
BRDA:52,6,1,2
BRDA:58,7,0,2
BRDA:58,7,1,2
BRDA:58,7,2,1
BRDA:58,7,3,1
BRDA:58,7,4,0
BRDA:58,7,5,0
BRDA:58,7,6,2
BRDA:58,8,0,1
BRDA:58,8,1,1
BRF:39
BRH:27
end_of_record
TN:
SF:api/server/services/CategoryService.js
FN:5,_callee
FN:19,_callee2
FN:27,_callee3
FN:35,_callee4
FNF:4
FNH:4
FNDA:8,_callee
FNDA:8,_callee2
FNDA:4,_callee3
FNDA:4,_callee4
DA:1,1
DA:2,1
DA:3,1
DA:5,24
DA:19,24
DA:27,12
DA:35,12
DA:44,1
LF:8
LH:8
BRDA:5,0,0,2
BRDA:5,0,1,2
BRDA:5,0,2,0
BRDA:5,0,3,0
BRDA:5,0,4,2
BRDA:19,1,0,2
BRDA:19,1,1,2
BRDA:19,1,2,0
BRDA:19,1,3,0
BRDA:19,1,4,2
BRDA:27,2,0,1
BRDA:27,2,1,1
BRDA:27,2,2,0
BRDA:27,2,3,0
BRDA:27,2,4,1
BRDA:35,3,0,1
BRDA:35,3,1,1
BRDA:35,3,2,0
BRDA:35,3,3,0
BRDA:35,3,4,1
BRF:20
BRH:12
end_of_record
TN:
SF:api/server/services/UserService.js
FN:4,_callee
FN:12,_callee2
FN:21,_callee3
FNF:3
FNH:3
FNDA:4,_callee
FNDA:4,_callee2
FNDA:12,_callee3
DA:1,1
DA:4,12
DA:12,12
DA:14,1
DA:21,36
DA:23,3
DA:33,1
LF:7
LH:7
BRDA:4,0,0,1
BRDA:4,0,1,1
BRDA:4,0,2,0
BRDA:4,0,3,0
BRDA:4,0,4,1
BRDA:12,1,0,1
BRDA:12,1,1,1
BRDA:12,1,2,0
BRDA:12,1,3,0
BRDA:12,1,4,1
BRDA:21,2,0,3
BRDA:21,2,1,3
BRDA:21,2,2,0
BRDA:21,2,3,0
BRDA:21,2,4,3
BRDA:26,3,0,3
BRDA:26,3,1,1
BRF:17
BRH:11
end_of_record
TN:
SF:api/server/src/config/config.js
FNF:0
FNH:0
DA:1,1
DA:4,1
LF:2
LH:2
BRF:0
BRH:0
end_of_record
TN:
SF:api/server/src/migrations/20220825150915-create-authors.js
FN:3,(anonymous_0)
FN:33,(anonymous_1)
FNF:2
FNH:2
FNDA:1,(anonymous_0)
FNDA:1,(anonymous_1)
DA:2,2
DA:4,1
DA:34,1
LF:3
LH:3
BRF:0
BRH:0
end_of_record
TN:
SF:api/server/src/migrations/20220905142328-create-category.js
FN:3,(anonymous_0)
FN:33,(anonymous_1)
FNF:2
FNH:2
FNDA:1,(anonymous_0)
FNDA:1,(anonymous_1)
DA:2,2
DA:4,1
DA:34,1
LF:3
LH:3
BRF:0
BRH:0
end_of_record
TN:
SF:api/server/src/migrations/20220910032921-create-articles.js
FN:3,(anonymous_0)
FN:67,(anonymous_1)
FNF:2
FNH:2
FNDA:1,(anonymous_0)
FNDA:1,(anonymous_1)
DA:2,2
DA:4,1
DA:68,1
LF:3
LH:3
BRF:0
BRH:0
end_of_record
TN:
SF:api/server/src/migrations/20220928132020-create-users.js
FN:3,(anonymous_0)
FN:36,(anonymous_1)
FNF:2
FNH:2
FNDA:1,(anonymous_0)
FNDA:1,(anonymous_1)
DA:2,2
DA:4,1
DA:37,1
LF:3
LH:3
BRF:0
BRH:0
end_of_record
TN:
SF:api/server/src/models/articles.js
FN:5,(anonymous_4)
FN:5,(anonymous_5)
FN:12,associate
FNF:3
FNH:3
FNDA:1,(anonymous_4)
FNDA:7,(anonymous_5)
FNDA:1,associate
DA:2,1
DA:4,1
DA:5,17
DA:16,1
DA:33,1
LF:5
LH:5
BRF:0
BRH:0
end_of_record
TN:
SF:api/server/src/models/authors.js
FN:5,(anonymous_4)
FN:5,(anonymous_5)
FN:12,associate
FNF:3
FNH:3
FNDA:1,(anonymous_4)
FNDA:9,(anonymous_5)
FNDA:1,associate
DA:2,1
DA:4,1
DA:5,21
DA:16,1
DA:25,1
LF:5
LH:5
BRF:0
BRH:0
end_of_record
TN:
SF:api/server/src/models/category.js
FN:5,(anonymous_4)
FN:5,(anonymous_5)
FN:12,associate
FNF:3
FNH:3
FNDA:1,(anonymous_4)
FNDA:8,(anonymous_5)
FNDA:1,associate
DA:2,1
DA:4,1
DA:5,19
DA:16,1
DA:25,1
LF:5
LH:5
BRF:0
BRH:0
end_of_record
TN:
SF:api/server/src/models/index.js
FN:42,(anonymous_0)
FN:46,(anonymous_1)
FN:51,(anonymous_2)
FNF:3
FNH:3
FNDA:5,(anonymous_0)
FNDA:4,(anonymous_1)
FNDA:4,(anonymous_2)
DA:1,1
DA:2,1
DA:3,1
DA:4,1
DA:6,1
DA:7,1
DA:9,1
DA:11,1
DA:13,1
DA:16,1
DA:17,0
DA:20,0
DA:35,1
DA:40,1
DA:43,5
DA:47,4
DA:48,4
DA:51,1
DA:52,4
DA:53,4
DA:57,1
DA:58,1
DA:60,1
LF:23
LH:21
BRDA:7,0,0,1
BRDA:7,0,1,0
BRDA:16,1,0,0
BRDA:16,1,1,1
BRDA:43,2,0,5
BRDA:43,2,1,5
BRDA:43,2,2,4
BRDA:52,3,0,4
BRDA:52,3,1,0
BRF:9
BRH:6
end_of_record
TN:
SF:api/server/src/models/users.js
FN:5,(anonymous_4)
FN:5,(anonymous_5)
FN:12,associate
FNF:3
FNH:3
FNDA:1,(anonymous_4)
FNDA:5,(anonymous_5)
FNDA:1,associate
DA:2,1
DA:4,1
DA:5,13
DA:16,1
DA:26,1
LF:5
LH:5
BRF:0
BRH:0
end_of_record
TN:
SF:api/server/utils/ObjectUtils.js
FN:5,isObjectNotEmpty
FN:6,(anonymous_13)
FN:9,isEmpty
FN:15,isArrayEmpty
FN:19,isArrayObjectEmpty
FN:27,convertStringToArray
FN:31,extractToken
FN:36,verifyToken
FN:37,(anonymous_20)
FNF:9
FNH:9
FNDA:8,isObjectNotEmpty
FNDA:24,(anonymous_13)
FNDA:3,isEmpty
FNDA:3,isArrayEmpty
FNDA:3,isArrayObjectEmpty
FNDA:1,convertStringToArray
FNDA:1,extractToken
FNDA:1,verifyToken
FNDA:1,(anonymous_20)
DA:1,1
DA:2,1
DA:6,24
DA:10,3
DA:16,3
DA:19,6
DA:20,3
DA:21,3
DA:22,3
DA:24,1
DA:28,1
DA:32,1
DA:33,1
DA:37,1
DA:38,1
LF:15
LH:15
BRDA:10,0,0,3
BRDA:10,0,1,3
BRDA:10,0,2,0
BRDA:16,1,0,3
BRDA:16,1,1,3
BRDA:20,2,0,1
BRDA:20,2,1,2
BRDA:22,3,0,1
BRDA:22,3,1,2
BRDA:38,4,0,0
BRDA:38,4,1,1
BRF:11
BRH:9
end_of_record
TN:
SF:api/server/utils/ResponseUtils.js
FN:2,ResponseUtil
FN:9,setSuccess
FN:16,setError
FN:22,send
FN:38,sendResponseErrorWhenRequestInvalid
FNF:5
FNH:5
FNDA:5,ResponseUtil
FNDA:25,setSuccess
FNDA:12,setError
FNDA:37,send
FNDA:8,sendResponseErrorWhenRequestInvalid
DA:2,5
DA:3,5
DA:4,5
DA:5,5
DA:6,5
DA:10,25
DA:11,25
DA:12,25
DA:13,25
DA:17,12
DA:18,12
DA:19,12
DA:23,37
DA:29,37
DA:30,25
DA:32,12
DA:38,8
DA:39,8
DA:40,8
LF:19
LH:19
BRDA:29,0,0,25
BRDA:29,0,1,12
BRDA:38,1,0,4
BRDA:38,1,1,4
BRDA:38,2,0,16
BRDA:38,2,1,8
BRDA:38,3,0,4
BRDA:38,3,1,4
BRF:8
BRH:8
end_of_record
TN:
SF:api/server/utils/Validator.js
FN:6,isParameterString
FN:12,isParameterNumber
FN:18,isRequestBodyEmpty
FN:23,verifyToken
FNF:4
FNH:3
FNDA:2,isParameterString
FNDA:6,isParameterNumber
FNDA:3,isRequestBodyEmpty
FNDA:0,verifyToken
DA:1,1
DA:2,1
DA:4,1
DA:7,2
DA:8,2
DA:9,2
DA:13,6
DA:14,6
DA:15,4
DA:19,3
DA:20,2
LF:11
LH:11
BRDA:8,0,0,0
BRDA:8,0,1,2
BRDA:14,1,0,2
BRDA:14,1,1,4
BRDA:19,2,0,1
BRDA:19,2,1,2
BRF:6
BRH:5
end_of_record
