TN:
SF:api/index.js
FN:14,(anonymous_0)
FN:17,(anonymous_1)
FNF:2
FNH:1
FNDA:0,(anonymous_0)
FNDA:1,(anonymous_1)
DA:1,1
DA:2,1
DA:3,1
DA:4,1
DA:5,1
DA:6,1
DA:7,1
DA:8,1
DA:10,1
DA:11,1
DA:14,1
DA:17,1
DA:18,1
DA:20,1
LF:14
LH:14
BRDA:8,0,0,1
BRDA:8,0,1,1
BRF:2
BRH:2
end_of_record
TN:
SF:api/server/controllers/AuthorsController.js
FN:8,_callee
FN:23,_callee2
FN:42,_callee3
FN:54,_callee4
FN:67,_callee5
FN:88,_callee6
FN:111,_callee7
FNF:7
FNH:7
FNDA:8,_callee
FNDA:9,_callee2
FNDA:4,_callee3
FNDA:4,_callee4
FNDA:11,_callee5
FNDA:11,_callee6
FNDA:11,_callee7
DA:1,1
DA:2,1
DA:3,1
DA:5,1
DA:8,24
DA:10,2
DA:11,2
DA:12,1
DA:14,1
DA:18,0
DA:23,40
DA:25,1
DA:29,2
DA:30,2
DA:31,1
DA:33,1
DA:36,0
DA:42,12
DA:43,1
DA:45,1
DA:46,1
DA:49,0
DA:54,12
DA:55,1
DA:56,1
DA:58,1
DA:59,1
DA:62,0
DA:67,43
DA:68,3
DA:71,1
DA:75,2
DA:76,2
DA:77,1
DA:79,1
DA:83,0
DA:88,40
DA:89,3
DA:92,1
DA:97,2
DA:99,2
DA:100,1
DA:102,1
DA:106,0
DA:111,40
DA:112,3
DA:115,1
DA:120,2
DA:122,2
DA:123,1
DA:125,1
DA:129,0
DA:135,1
LF:53
LH:46
BRDA:8,0,0,2
BRDA:8,0,1,2
BRDA:8,0,2,0
BRDA:8,0,3,0
BRDA:8,0,4,2
BRDA:11,1,0,1
BRDA:11,1,1,1
BRDA:23,2,0,3
BRDA:23,2,1,2
BRDA:23,2,2,2
BRDA:23,2,3,0
BRDA:23,2,4,2
BRDA:23,2,5,3
BRDA:23,3,0,2
BRDA:23,3,1,1
BRDA:30,4,0,1
BRDA:30,4,1,1
BRDA:42,5,0,1
BRDA:42,5,1,1
BRDA:42,5,2,0
BRDA:42,5,3,0
BRDA:42,5,4,1
BRDA:54,6,0,1
BRDA:54,6,1,1
BRDA:54,6,2,0
BRDA:54,6,3,0
BRDA:54,6,4,1
BRDA:67,7,0,3
BRDA:67,7,1,2
BRDA:67,7,2,2
BRDA:67,7,3,0
BRDA:67,7,4,0
BRDA:67,7,5,3
BRDA:69,8,0,3
BRDA:69,8,1,0
BRDA:67,9,0,2
BRDA:67,9,1,1
BRDA:76,10,0,1
BRDA:76,10,1,1
BRDA:88,11,0,3
BRDA:88,11,1,2
BRDA:88,11,2,2
BRDA:88,11,3,0
BRDA:88,11,4,0
BRDA:88,11,5,3
BRDA:88,12,0,2
BRDA:88,12,1,1
BRDA:99,13,0,1
BRDA:99,13,1,1
BRDA:111,14,0,3
BRDA:111,14,1,2
BRDA:111,14,2,2
BRDA:111,14,3,0
BRDA:111,14,4,0
BRDA:111,14,5,3
BRDA:111,15,0,2
BRDA:111,15,1,1
BRDA:122,16,0,1
BRDA:122,16,1,1
BRF:59
BRH:45
end_of_record
TN:
SF:api/server/controllers/CategoryController.js
FN:9,_callee
FN:22,_callee2
FN:42,_callee3
FN:50,_callee4
FN:65,_callee5
FNF:5
FNH:5
FNDA:8,_callee
FNDA:8,_callee2
FNDA:10,_callee3
FNDA:7,_callee4
FNDA:10,_callee5
DA:1,1
DA:2,1
DA:3,1
DA:4,1
DA:6,1
DA:9,24
DA:11,2
DA:12,2
DA:13,2
DA:17,0
DA:22,32
DA:23,2
DA:26,0
DA:31,2
DA:32,2
DA:33,2
DA:37,0
DA:42,20
DA:43,5
DA:44,3
DA:46,2
DA:50,24
DA:52,1
DA:56,1
DA:57,1
DA:60,0
DA:65,32
DA:67,2
DA:71,1
DA:72,1
DA:75,0
DA:81,1
LF:32
LH:27
BRDA:9,0,0,2
BRDA:9,0,1,2
BRDA:9,0,2,0
BRDA:9,0,3,0
BRDA:9,0,4,2
BRDA:12,1,0,1
BRDA:12,1,1,1
BRDA:22,2,0,2
BRDA:22,2,1,2
BRDA:22,2,2,2
BRDA:22,2,3,0
BRDA:22,2,4,0
BRDA:22,2,5,2
BRDA:22,3,0,2
BRDA:22,3,1,0
BRDA:32,4,0,1
BRDA:32,4,1,1
BRDA:42,5,0,5
BRDA:42,5,1,5
BRDA:42,5,2,5
BRDA:43,6,0,3
BRDA:43,6,1,2
BRDA:50,7,0,2
BRDA:50,7,1,1
BRDA:50,7,2,1
BRDA:50,7,3,0
BRDA:50,7,4,0
BRDA:50,7,5,2
BRDA:50,8,0,1
BRDA:50,8,1,1
BRDA:65,9,0,3
BRDA:65,9,1,1
BRDA:65,9,2,1
BRDA:65,9,3,0
BRDA:65,9,4,0
BRDA:65,9,5,3
BRDA:65,10,0,1
BRDA:65,10,1,2
BRF:38
BRH:29
end_of_record
TN:
SF:api/server/routes/AuthorsRoutes.js
FNF:0
FNH:0
DA:1,1
DA:2,1
DA:4,1
DA:6,1
DA:7,1
DA:8,1
DA:9,1
DA:10,1
DA:12,1
LF:9
LH:9
BRF:0
BRH:0
end_of_record
TN:
SF:api/server/routes/CategoryRoutes.js
FNF:0
FNH:0
DA:1,1
DA:2,1
DA:4,1
DA:6,1
DA:7,1
DA:8,1
DA:10,1
LF:7
LH:7
BRF:0
BRH:0
end_of_record
TN:
SF:api/server/services/AuthorsService.js
FN:4,_callee
FN:12,_callee2
FN:20,_callee3
FN:36,_callee4
FN:46,_callee5
FN:58,_callee6
FNF:6
FNH:6
FNDA:8,_callee
FNDA:4,_callee2
FNDA:8,_callee3
FNDA:8,_callee4
FNDA:16,_callee5
FNDA:9,_callee6
DA:1,1
DA:4,24
DA:12,12
DA:20,29
DA:22,2
DA:27,1
DA:36,24
DA:46,48
DA:48,4
DA:58,33
DA:60,2
DA:63,1
DA:75,1
LF:13
LH:13
BRDA:4,0,0,2
BRDA:4,0,1,2
BRDA:4,0,2,0
BRDA:4,0,3,0
BRDA:4,0,4,2
BRDA:12,1,0,1
BRDA:12,1,1,1
BRDA:12,1,2,0
BRDA:12,1,3,0
BRDA:12,1,4,1
BRDA:20,2,0,2
BRDA:20,2,1,2
BRDA:20,2,2,1
BRDA:20,2,3,0
BRDA:20,2,4,0
BRDA:20,2,5,2
BRDA:20,3,0,1
BRDA:20,3,1,1
BRDA:36,4,0,2
BRDA:36,4,1,2
BRDA:36,4,2,0
BRDA:36,4,3,0
BRDA:36,4,4,2
BRDA:46,5,0,4
BRDA:46,5,1,4
BRDA:46,5,2,0
BRDA:46,5,3,0
BRDA:46,5,4,4
BRDA:52,6,0,4
BRDA:52,6,1,2
BRDA:58,7,0,2
BRDA:58,7,1,2
BRDA:58,7,2,1
BRDA:58,7,3,1
BRDA:58,7,4,0
BRDA:58,7,5,0
BRDA:58,7,6,2
BRDA:58,8,0,1
BRDA:58,8,1,1
BRF:39
BRH:27
end_of_record
TN:
SF:api/server/services/CategoryService.js
FN:5,_callee
FN:19,_callee2
FN:27,_callee3
FN:35,_callee4
FNF:4
FNH:4
FNDA:8,_callee
FNDA:8,_callee2
FNDA:4,_callee3
FNDA:4,_callee4
DA:1,1
DA:2,1
DA:3,1
DA:5,24
DA:19,24
DA:27,12
DA:35,12
DA:44,1
LF:8
LH:8
BRDA:5,0,0,2
BRDA:5,0,1,2
BRDA:5,0,2,0
BRDA:5,0,3,0
BRDA:5,0,4,2
BRDA:19,1,0,2
BRDA:19,1,1,2
BRDA:19,1,2,0
BRDA:19,1,3,0
BRDA:19,1,4,2
BRDA:27,2,0,1
BRDA:27,2,1,1
BRDA:27,2,2,0
BRDA:27,2,3,0
BRDA:27,2,4,1
BRDA:35,3,0,1
BRDA:35,3,1,1
BRDA:35,3,2,0
BRDA:35,3,3,0
BRDA:35,3,4,1
BRF:20
BRH:12
end_of_record
TN:
SF:api/server/src/config/config.js
FNF:0
FNH:0
DA:1,1
DA:4,1
LF:2
LH:2
BRF:0
BRH:0
end_of_record
TN:
SF:api/server/src/migrations/20220825150915-create-authors.js
FN:3,(anonymous_0)
FN:33,(anonymous_1)
FNF:2
FNH:2
FNDA:1,(anonymous_0)
FNDA:1,(anonymous_1)
DA:2,2
DA:4,1
DA:34,1
LF:3
LH:3
BRF:0
BRH:0
end_of_record
TN:
SF:api/server/src/migrations/20220905142328-create-category.js
FN:3,(anonymous_0)
FN:33,(anonymous_1)
FNF:2
FNH:2
FNDA:1,(anonymous_0)
FNDA:1,(anonymous_1)
DA:2,2
DA:4,1
DA:34,1
LF:3
LH:3
BRF:0
BRH:0
end_of_record
TN:
SF:api/server/src/models/authors.js
FN:5,(anonymous_4)
FN:5,(anonymous_5)
FN:12,associate
FNF:3
FNH:3
FNDA:1,(anonymous_4)
FNDA:9,(anonymous_5)
FNDA:1,associate
DA:2,1
DA:4,1
DA:5,21
DA:16,1
DA:25,1
LF:5
LH:5
BRF:0
BRH:0
end_of_record
TN:
SF:api/server/src/models/category.js
FN:5,(anonymous_4)
FN:5,(anonymous_5)
FN:12,associate
FNF:3
FNH:3
FNDA:1,(anonymous_4)
FNDA:8,(anonymous_5)
FNDA:1,associate
DA:2,1
DA:4,1
DA:5,19
DA:16,1
DA:25,1
LF:5
LH:5
BRF:0
BRH:0
end_of_record
TN:
SF:api/server/src/models/index.js
FN:42,(anonymous_0)
FN:46,(anonymous_1)
FN:51,(anonymous_2)
FNF:3
FNH:3
FNDA:3,(anonymous_0)
FNDA:2,(anonymous_1)
FNDA:2,(anonymous_2)
DA:1,1
DA:2,1
DA:3,1
DA:4,1
DA:6,1
DA:7,1
DA:9,1
DA:11,1
DA:13,1
DA:16,1
DA:17,0
DA:20,0
DA:35,1
DA:40,1
DA:43,3
DA:47,2
DA:48,2
DA:51,1
DA:52,2
DA:53,2
DA:57,1
DA:58,1
DA:60,1
LF:23
LH:21
BRDA:7,0,0,1
BRDA:7,0,1,0
BRDA:16,1,0,0
BRDA:16,1,1,1
BRDA:43,2,0,3
BRDA:43,2,1,3
BRDA:43,2,2,2
BRDA:52,3,0,2
BRDA:52,3,1,0
BRF:9
BRH:6
end_of_record
TN:
SF:api/server/utils/ObjectUtils.js
FN:3,isObjectNotEmpty
FN:4,(anonymous_13)
FN:7,isEmpty
FN:13,isArrayEmpty
FN:17,isArrayObjectEmpty
FNF:5
FNH:5
FNDA:8,isObjectNotEmpty
FNDA:24,(anonymous_13)
FNDA:3,isEmpty
FNDA:3,isArrayEmpty
FNDA:3,isArrayObjectEmpty
DA:4,24
DA:8,3
DA:14,3
DA:17,6
DA:18,3
DA:19,3
DA:20,3
DA:22,1
LF:8
LH:8
BRDA:8,0,0,3
BRDA:8,0,1,3
BRDA:8,0,2,0
BRDA:14,1,0,3
BRDA:14,1,1,3
BRDA:18,2,0,1
BRDA:18,2,1,2
BRDA:20,3,0,1
BRDA:20,3,1,2
BRF:9
BRH:8
end_of_record
TN:
SF:api/server/utils/ResponseUtils.js
FN:2,ResponseUtil
FN:9,setSuccess
FN:16,setError
FN:22,send
FNF:4
FNH:4
FNDA:2,ResponseUtil
FNDA:13,setSuccess
FNDA:10,setError
FNDA:23,send
DA:2,2
DA:3,2
DA:4,2
DA:5,2
DA:6,2
DA:10,13
DA:11,13
DA:12,13
DA:13,13
DA:17,10
DA:18,10
DA:19,10
DA:23,23
DA:29,23
DA:30,13
DA:32,10
LF:16
LH:16
BRDA:29,0,0,13
BRDA:29,0,1,10
BRF:2
BRH:2
end_of_record
